#
# There is insufficient memory for the Java Runtime Environment to continue.
# Native memory allocation (mmap) failed to map 80740352 bytes for Failed to commit area from 0x0000000089b00000 to 0x000000008e800000 of length 80740352.
# Possible reasons:
#   The system is out of physical RAM or swap space
#   The process is running with CompressedOops enabled, and the Java Heap may be blocking the growth of the native heap
# Possible solutions:
#   Reduce memory load on the system
#   Increase physical memory or swap space
#   Check if swap backing store is full
#   Decrease Java heap size (-Xmx/-Xms)
#   Decrease number of Java threads
#   Decrease Java thread stack sizes (-Xss)
#   Set larger code cache with -XX:ReservedCodeCacheSize=
#   JVM is running with Unscaled Compressed Oops mode in which the Java heap is
#     placed in the first 4GB address space. The Java Heap base address is the
#     maximum limit for the native heap growth. Please use -XX:HeapBaseMinAddress
#     to set the Java Heap base and to place the Java Heap above 4GB virtual address.
# This output file may be truncated or incomplete.
#
#  Out of Memory Error (./src/hotspot/os/windows/os_windows.cpp:3386), pid=13656, tid=17344
#
# JRE version: OpenJDK Runtime Environment Microsoft-40648 (11.0.16.1+1) (build 11.0.16.1+1-LTS)
# Java VM: OpenJDK 64-Bit Server VM Microsoft-40648 (11.0.16.1+1-LTS, mixed mode, tiered, compressed oops, g1 gc, windows-amd64)
# No core dump will be written. Minidumps are not enabled by default on client versions of Windows
#

---------------  S U M M A R Y ------------

Command Line: com.xamarin.manifestmerger.Main obj\Debug\130\android\manifestmerger.rsp

Host: AMD Ryzen 3 1200 Quad-Core Processor           , 4 cores, 7G,  Windows 10 , 64 bit Build 19041 (10.0.19041.3636)
Time: Wed Jan  3 18:48:08 2024  Windows 10 , 64 bit Build 19041 (10.0.19041.3636) elapsed time: 1.104360 seconds (0d 0h 0m 1s)

---------------  T H R E A D  ---------------

Current thread (0x0000025347494000):  VMThread "VM Thread" [stack: 0x000000aa6f700000,0x000000aa6f800000] [id=17344]

Stack: [0x000000aa6f700000,0x000000aa6f800000]
[error occurred during error reporting (printing stack bounds), id 0xc0000005, EXCEPTION_ACCESS_VIOLATION (0xc0000005) at pc=0x0000025330cb112d]

Native frames: (J=compiled Java code, j=interpreted, Vv=VM code, C=native code)
V  [jvm.dll+0x62652a]
V  [jvm.dll+0x7b3249]
V  [jvm.dll+0x7b4938]
V  [jvm.dll+0x7b4f75]
V  [jvm.dll+0x7b4f2b]
V  [jvm.dll+0x6258b7]
V  [jvm.dll+0x625fc8]
C  [ntdll.dll+0xa23af]
C  [ntdll.dll+0x514b4]
C  [ntdll.dll+0xa0ebe]
C  0x0000025330cb112d

VM_Operation (0x000000aa6f1fa850): G1CollectForAllocation, mode: safepoint, requested by thread 0x0000025326d4e800


---------------  P R O C E S S  ---------------

Threads class SMR info:
_java_thread_list=0x0000025347f74160, length=11, elements={
0x0000025326d4e800, 0x00000253474b9800, 0x00000253474c2800, 0x00000253474d4800,
0x00000253474d5000, 0x00000253474d7800, 0x00000253474da800, 0x00000253474e0000,
0x00000253474e9000, 0x0000025347fad800, 0x0000025347faa000
}

Java Threads: ( => current thread )
  0x0000025326d4e800 JavaThread "main" [_thread_blocked, id=12740, stack(0x000000aa6f100000,0x000000aa6f200000)]
  0x00000253474b9800 JavaThread "Reference Handler" daemon [_thread_blocked, id=15512, stack(0x000000aa6f800000,0x000000aa6f900000)]
  0x00000253474c2800 JavaThread "Finalizer" daemon [_thread_blocked, id=9872, stack(0x000000aa6f900000,0x000000aa6fa00000)]
  0x00000253474d4800 JavaThread "Signal Dispatcher" daemon [_thread_blocked, id=9960, stack(0x000000aa6fa00000,0x000000aa6fb00000)]
  0x00000253474d5000 JavaThread "Attach Listener" daemon [_thread_blocked, id=8116, stack(0x000000aa6fb00000,0x000000aa6fc00000)]
  0x00000253474d7800 JavaThread "Service Thread" daemon [_thread_blocked, id=9336, stack(0x000000aa6fc00000,0x000000aa6fd00000)]
  0x00000253474da800 JavaThread "C2 CompilerThread0" daemon [_thread_in_native, id=9580, stack(0x000000aa6fd00000,0x000000aa6fe00000)]
  0x00000253474e0000 JavaThread "C1 CompilerThread0" daemon [_thread_blocked, id=13296, stack(0x000000aa6fe00000,0x000000aa6ff00000)]
  0x00000253474e9000 JavaThread "Sweeper thread" daemon [_thread_blocked, id=3692, stack(0x000000aa6ff00000,0x000000aa70000000)]
  0x0000025347fad800 JavaThread "Common-Cleaner" daemon [_thread_blocked, id=6944, stack(0x000000aa70100000,0x000000aa70200000)]
  0x0000025347faa000 JavaThread "C2 CompilerThread1" daemon [_thread_blocked, id=12276, stack(0x000000aa70200000,0x000000aa70300000)]

Other Threads:
=>0x0000025347494000 VMThread "VM Thread" [stack: 0x000000aa6f700000,0x000000aa6f800000] [id=17344]
  0x0000025347fa3000 WatcherThread [stack: 0x000000aa70000000,0x000000aa70100000] [id=11876]
  0x0000025326d67800 GCTaskThread "GC Thread#0" [stack: 0x000000aa6f200000,0x000000aa6f300000] [id=10792]
  0x0000025348323800 GCTaskThread "GC Thread#1" [stack: 0x000000aa70300000,0x000000aa70400000] [id=4780]
  0x0000025347fe3800 GCTaskThread "GC Thread#2" [stack: 0x000000aa70400000,0x000000aa70500000] [id=2012]
  0x0000025326d97000 ConcurrentGCThread "G1 Main Marker" [stack: 0x000000aa6f300000,0x000000aa6f400000] [id=16520]
  0x0000025326d99800 ConcurrentGCThread "G1 Conc#0" [stack: 0x000000aa6f400000,0x000000aa6f500000] [id=9304]
  0x0000025326e29000 ConcurrentGCThread "G1 Refine#0" [stack: 0x000000aa6f500000,0x000000aa6f600000] [id=11056]
  0x0000025348026000 ConcurrentGCThread "G1 Refine#1" [stack: 0x000000aa70500000,0x000000aa70600000] [id=9080]
  0x0000025326e2a000 ConcurrentGCThread "G1 Young RemSet Sampling" [stack: 0x000000aa6f600000,0x000000aa6f700000] [id=10652]

Threads with active compile tasks:
C2 CompilerThread0     1111  896       4       java.util.jar.Manifest::read (340 bytes)

VM state:at safepoint (normal execution)

VM Mutex/Monitor currently owned by a thread:  ([mutex/lock_event])
[0x0000025326d4a190] Threads_lock - owner thread: 0x0000025347494000
[0x0000025326d49650] Heap_lock - owner thread: 0x0000025326d4e800

Heap address: 0x0000000080c00000, size: 2036 MB, Compressed Oops mode: 32-bit
Narrow klass base: 0x0000000000000000, Narrow klass shift: 3
Compressed class space size: 1073741824 Address: 0x0000000100000000

Heap:
 garbage-first heap   total 225280K, used 49411K [0x0000000080c00000, 0x0000000100000000)
  region size 1024K, 10 young (10240K), 10 survivors (10240K)
 Metaspace       used 10178K, capacity 10385K, committed 10496K, reserved 1058816K
  class space    used 944K, capacity 1015K, committed 1024K, reserved 1048576K
Heap Regions: E=young(eden), S=young(survivor), O=old, HS=humongous(starts), HC=humongous(continues), CS=collection set, F=free, A=archive, TAMS=top-at-mark-start (previous, next)
|   0|0x0000000080c00000, 0x0000000080d00000, 0x0000000080d00000|100%|HS|  |TAMS 0x0000000080c00000, 0x0000000080c00000| Complete 
|   1|0x0000000080d00000, 0x0000000080e00000, 0x0000000080e00000|100%|HC|  |TAMS 0x0000000080d00000, 0x0000000080d00000| Complete 
|   2|0x0000000080e00000, 0x0000000080f00000, 0x0000000080f00000|100%|HC|  |TAMS 0x0000000080e00000, 0x0000000080e00000| Complete 
|   3|0x0000000080f00000, 0x0000000080f00000, 0x0000000081000000|  0%| F|  |TAMS 0x0000000080f00000, 0x0000000080f00000| Untracked 
|   4|0x0000000081000000, 0x0000000081000000, 0x0000000081100000|  0%| F|  |TAMS 0x0000000081000000, 0x0000000081000000| Untracked 
|   5|0x0000000081100000, 0x0000000081100000, 0x0000000081200000|  0%| F|  |TAMS 0x0000000081100000, 0x0000000081100000| Untracked 
|   6|0x0000000081200000, 0x0000000081300000, 0x0000000081300000|100%|HS|  |TAMS 0x0000000081200000, 0x0000000081200000| Complete 
|   7|0x0000000081300000, 0x0000000081400000, 0x0000000081400000|100%|HC|  |TAMS 0x0000000081300000, 0x0000000081300000| Complete 
|   8|0x0000000081400000, 0x0000000081500000, 0x0000000081500000|100%|HC|  |TAMS 0x0000000081400000, 0x0000000081400000| Complete 
|   9|0x0000000081500000, 0x0000000081600000, 0x0000000081600000|100%| O|  |TAMS 0x0000000081500000, 0x0000000081500000| Untracked 
|  10|0x0000000081600000, 0x0000000081700000, 0x0000000081700000|100%| O|  |TAMS 0x0000000081600000, 0x0000000081600000| Untracked 
|  11|0x0000000081700000, 0x0000000081800000, 0x0000000081800000|100%| O|  |TAMS 0x0000000081700000, 0x0000000081700000| Untracked 
|  12|0x0000000081800000, 0x0000000081900000, 0x0000000081900000|100%| O|  |TAMS 0x0000000081800000, 0x0000000081800000| Untracked 
|  13|0x0000000081900000, 0x0000000081a00000, 0x0000000081a00000|100%| O|  |TAMS 0x0000000081900000, 0x0000000081900000| Untracked 
|  14|0x0000000081a00000, 0x0000000081b00000, 0x0000000081b00000|100%| O|  |TAMS 0x0000000081a00000, 0x0000000081a00000| Untracked 
|  15|0x0000000081b00000, 0x0000000081c00000, 0x0000000081c00000|100%| O|  |TAMS 0x0000000081b00000, 0x0000000081b00000| Untracked 
|  16|0x0000000081c00000, 0x0000000081d00000, 0x0000000081d00000|100%| O|  |TAMS 0x0000000081c00000, 0x0000000081c00000| Untracked 
|  17|0x0000000081d00000, 0x0000000081e00000, 0x0000000081e00000|100%| O|  |TAMS 0x0000000081d00000, 0x0000000081d00000| Untracked 
|  18|0x0000000081e00000, 0x0000000081f00000, 0x0000000081f00000|100%| O|  |TAMS 0x0000000081e00000, 0x0000000081e00000| Untracked 
|  19|0x0000000081f00000, 0x0000000082000000, 0x0000000082000000|100%|HS|  |TAMS 0x0000000081f00000, 0x0000000081f00000| Complete 
|  20|0x0000000082000000, 0x0000000082100000, 0x0000000082100000|100%|HC|  |TAMS 0x0000000082000000, 0x0000000082000000| Complete 
|  21|0x0000000082100000, 0x0000000082200000, 0x0000000082200000|100%|HC|  |TAMS 0x0000000082100000, 0x0000000082100000| Complete 
|  22|0x0000000082200000, 0x0000000082300000, 0x0000000082300000|100%|HS|  |TAMS 0x0000000082200000, 0x0000000082200000| Complete 
|  23|0x0000000082300000, 0x0000000082400000, 0x0000000082400000|100%|HC|  |TAMS 0x0000000082300000, 0x0000000082300000| Complete 
|  24|0x0000000082400000, 0x0000000082500000, 0x0000000082500000|100%|HC|  |TAMS 0x0000000082400000, 0x0000000082400000| Complete 
|  25|0x0000000082500000, 0x0000000082600000, 0x0000000082600000|100%| O|  |TAMS 0x0000000082500000, 0x0000000082500000| Untracked 
|  26|0x0000000082600000, 0x0000000082700000, 0x0000000082700000|100%| O|  |TAMS 0x0000000082600000, 0x0000000082600000| Untracked 
|  27|0x0000000082700000, 0x0000000082700000, 0x0000000082800000|  0%| F|  |TAMS 0x0000000082700000, 0x0000000082700000| Untracked 
|  28|0x0000000082800000, 0x0000000082800000, 0x0000000082900000|  0%| F|  |TAMS 0x0000000082800000, 0x0000000082800000| Untracked 
|  29|0x0000000082900000, 0x0000000082900000, 0x0000000082a00000|  0%| F|  |TAMS 0x0000000082900000, 0x0000000082900000| Untracked 
|  30|0x0000000082a00000, 0x0000000082a00000, 0x0000000082b00000|  0%| F|  |TAMS 0x0000000082a00000, 0x0000000082a00000| Untracked 
|  31|0x0000000082b00000, 0x0000000082b00000, 0x0000000082c00000|  0%| F|  |TAMS 0x0000000082b00000, 0x0000000082b00000| Untracked 
|  32|0x0000000082c00000, 0x0000000082c00000, 0x0000000082d00000|  0%| F|  |TAMS 0x0000000082c00000, 0x0000000082c00000| Untracked 
|  33|0x0000000082d00000, 0x0000000082d00000, 0x0000000082e00000|  0%| F|  |TAMS 0x0000000082d00000, 0x0000000082d00000| Untracked 
|  34|0x0000000082e00000, 0x0000000082e00000, 0x0000000082f00000|  0%| F|  |TAMS 0x0000000082e00000, 0x0000000082e00000| Untracked 
|  35|0x0000000082f00000, 0x0000000082f00000, 0x0000000083000000|  0%| F|  |TAMS 0x0000000082f00000, 0x0000000082f00000| Untracked 
|  36|0x0000000083000000, 0x0000000083000000, 0x0000000083100000|  0%| F|  |TAMS 0x0000000083000000, 0x0000000083000000| Untracked 
|  37|0x0000000083100000, 0x0000000083100000, 0x0000000083200000|  0%| F|  |TAMS 0x0000000083100000, 0x0000000083100000| Untracked 
|  38|0x0000000083200000, 0x0000000083200000, 0x0000000083300000|  0%| F|  |TAMS 0x0000000083200000, 0x0000000083200000| Untracked 
|  39|0x0000000083300000, 0x0000000083300000, 0x0000000083400000|  0%| F|  |TAMS 0x0000000083300000, 0x0000000083300000| Untracked 
|  40|0x0000000083400000, 0x0000000083400000, 0x0000000083500000|  0%| F|  |TAMS 0x0000000083400000, 0x0000000083400000| Untracked 
|  41|0x0000000083500000, 0x0000000083500000, 0x0000000083600000|  0%| F|  |TAMS 0x0000000083500000, 0x0000000083500000| Untracked 
|  42|0x0000000083600000, 0x0000000083600000, 0x0000000083700000|  0%| F|  |TAMS 0x0000000083600000, 0x0000000083600000| Untracked 
|  43|0x0000000083700000, 0x0000000083700000, 0x0000000083800000|  0%| F|  |TAMS 0x0000000083700000, 0x0000000083700000| Untracked 
|  44|0x0000000083800000, 0x0000000083800000, 0x0000000083900000|  0%| F|  |TAMS 0x0000000083800000, 0x0000000083800000| Untracked 
|  45|0x0000000083900000, 0x0000000083a00000, 0x0000000083a00000|100%|HS|  |TAMS 0x0000000083900000, 0x0000000083900000| Complete 
|  46|0x0000000083a00000, 0x0000000083b00000, 0x0000000083b00000|100%|HC|  |TAMS 0x0000000083a00000, 0x0000000083a00000| Complete 
|  47|0x0000000083b00000, 0x0000000083c00000, 0x0000000083c00000|100%|HC|  |TAMS 0x0000000083b00000, 0x0000000083b00000| Complete 
|  48|0x0000000083c00000, 0x0000000083d00000, 0x0000000083d00000|100%| S|CS|TAMS 0x0000000083c00000, 0x0000000083c00000| Complete 
|  49|0x0000000083d00000, 0x0000000083e00000, 0x0000000083e00000|100%| S|CS|TAMS 0x0000000083d00000, 0x0000000083d00000| Complete 
|  50|0x0000000083e00000, 0x0000000083f00000, 0x0000000083f00000|100%| S|CS|TAMS 0x0000000083e00000, 0x0000000083e00000| Complete 
|  51|0x0000000083f00000, 0x0000000084000000, 0x0000000084000000|100%| S|CS|TAMS 0x0000000083f00000, 0x0000000083f00000| Complete 
|  52|0x0000000084000000, 0x0000000084100000, 0x0000000084100000|100%| S|CS|TAMS 0x0000000084000000, 0x0000000084000000| Complete 
|  53|0x0000000084100000, 0x0000000084200000, 0x0000000084200000|100%| S|CS|TAMS 0x0000000084100000, 0x0000000084100000| Complete 
|  54|0x0000000084200000, 0x0000000084300000, 0x0000000084300000|100%| S|CS|TAMS 0x0000000084200000, 0x0000000084200000| Complete 
|  55|0x0000000084300000, 0x0000000084300000, 0x0000000084400000|  0%| F|  |TAMS 0x0000000084300000, 0x0000000084300000| Untracked 
|  56|0x0000000084400000, 0x0000000084400000, 0x0000000084500000|  0%| F|  |TAMS 0x0000000084400000, 0x0000000084400000| Untracked 
|  57|0x0000000084500000, 0x0000000084500000, 0x0000000084600000|  0%| F|  |TAMS 0x0000000084500000, 0x0000000084500000| Untracked 
|  58|0x0000000084600000, 0x0000000084600000, 0x0000000084700000|  0%| F|  |TAMS 0x0000000084600000, 0x0000000084600000| Untracked 
|  59|0x0000000084700000, 0x0000000084700000, 0x0000000084800000|  0%| F|  |TAMS 0x0000000084700000, 0x0000000084700000| Untracked 
|  60|0x0000000084800000, 0x0000000084800000, 0x0000000084900000|  0%| F|  |TAMS 0x0000000084800000, 0x0000000084800000| Untracked 
|  61|0x0000000084900000, 0x0000000084900000, 0x0000000084a00000|  0%| F|  |TAMS 0x0000000084900000, 0x0000000084900000| Untracked 
|  62|0x0000000084a00000, 0x0000000084a00000, 0x0000000084b00000|  0%| F|  |TAMS 0x0000000084a00000, 0x0000000084a00000| Untracked 
|  63|0x0000000084b00000, 0x0000000084b00000, 0x0000000084c00000|  0%| F|  |TAMS 0x0000000084b00000, 0x0000000084b00000| Untracked 
|  64|0x0000000084c00000, 0x0000000084c00000, 0x0000000084d00000|  0%| F|  |TAMS 0x0000000084c00000, 0x0000000084c00000| Untracked 
|  65|0x0000000084d00000, 0x0000000084d00000, 0x0000000084e00000|  0%| F|  |TAMS 0x0000000084d00000, 0x0000000084d00000| Untracked 
|  66|0x0000000084e00000, 0x0000000084e00000, 0x0000000084f00000|  0%| F|  |TAMS 0x0000000084e00000, 0x0000000084e00000| Untracked 
|  67|0x0000000084f00000, 0x0000000084f00000, 0x0000000085000000|  0%| F|  |TAMS 0x0000000084f00000, 0x0000000084f00000| Untracked 
|  68|0x0000000085000000, 0x0000000085000000, 0x0000000085100000|  0%| F|  |TAMS 0x0000000085000000, 0x0000000085000000| Untracked 
|  69|0x0000000085100000, 0x0000000085100000, 0x0000000085200000|  0%| F|  |TAMS 0x0000000085100000, 0x0000000085100000| Untracked 
|  70|0x0000000085200000, 0x0000000085200000, 0x0000000085300000|  0%| F|  |TAMS 0x0000000085200000, 0x0000000085200000| Untracked 
|  71|0x0000000085300000, 0x0000000085300000, 0x0000000085400000|  0%| F|  |TAMS 0x0000000085300000, 0x0000000085300000| Untracked 
|  72|0x0000000085400000, 0x0000000085400000, 0x0000000085500000|  0%| F|  |TAMS 0x0000000085400000, 0x0000000085400000| Untracked 
|  73|0x0000000085500000, 0x0000000085500000, 0x0000000085600000|  0%| F|  |TAMS 0x0000000085500000, 0x0000000085500000| Untracked 
|  74|0x0000000085600000, 0x0000000085600000, 0x0000000085700000|  0%| F|  |TAMS 0x0000000085600000, 0x0000000085600000| Untracked 
|  75|0x0000000085700000, 0x0000000085700000, 0x0000000085800000|  0%| F|  |TAMS 0x0000000085700000, 0x0000000085700000| Untracked 
|  76|0x0000000085800000, 0x0000000085800000, 0x0000000085900000|  0%| F|  |TAMS 0x0000000085800000, 0x0000000085800000| Untracked 
|  77|0x0000000085900000, 0x0000000085900000, 0x0000000085a00000|  0%| F|  |TAMS 0x0000000085900000, 0x0000000085900000| Untracked 
|  78|0x0000000085a00000, 0x0000000085a00000, 0x0000000085b00000|  0%| F|  |TAMS 0x0000000085a00000, 0x0000000085a00000| Untracked 
|  79|0x0000000085b00000, 0x0000000085b00000, 0x0000000085c00000|  0%| F|  |TAMS 0x0000000085b00000, 0x0000000085b00000| Untracked 
|  80|0x0000000085c00000, 0x0000000085c00000, 0x0000000085d00000|  0%| F|  |TAMS 0x0000000085c00000, 0x0000000085c00000| Untracked 
|  81|0x0000000085d00000, 0x0000000085d00000, 0x0000000085e00000|  0%| F|  |TAMS 0x0000000085d00000, 0x0000000085d00000| Untracked 
|  82|0x0000000085e00000, 0x0000000085e00000, 0x0000000085f00000|  0%| F|  |TAMS 0x0000000085e00000, 0x0000000085e00000| Untracked 
|  83|0x0000000085f00000, 0x0000000085f00000, 0x0000000086000000|  0%| F|  |TAMS 0x0000000085f00000, 0x0000000085f00000| Untracked 
|  84|0x0000000086000000, 0x0000000086000000, 0x0000000086100000|  0%| F|  |TAMS 0x0000000086000000, 0x0000000086000000| Untracked 
|  85|0x0000000086100000, 0x0000000086100000, 0x0000000086200000|  0%| F|  |TAMS 0x0000000086100000, 0x0000000086100000| Untracked 
|  86|0x0000000086200000, 0x0000000086200000, 0x0000000086300000|  0%| F|  |TAMS 0x0000000086200000, 0x0000000086200000| Untracked 
|  87|0x0000000086300000, 0x0000000086300000, 0x0000000086400000|  0%| F|  |TAMS 0x0000000086300000, 0x0000000086300000| Untracked 
|  88|0x0000000086400000, 0x0000000086400000, 0x0000000086500000|  0%| F|  |TAMS 0x0000000086400000, 0x0000000086400000| Untracked 
|  89|0x0000000086500000, 0x0000000086500000, 0x0000000086600000|  0%| F|  |TAMS 0x0000000086500000, 0x0000000086500000| Untracked 
|  90|0x0000000086600000, 0x0000000086600000, 0x0000000086700000|  0%| F|  |TAMS 0x0000000086600000, 0x0000000086600000| Untracked 
|  91|0x0000000086700000, 0x0000000086700000, 0x0000000086800000|  0%| F|  |TAMS 0x0000000086700000, 0x0000000086700000| Untracked 
|  92|0x0000000086800000, 0x0000000086800000, 0x0000000086900000|  0%| F|  |TAMS 0x0000000086800000, 0x0000000086800000| Untracked 
|  93|0x0000000086900000, 0x0000000086900000, 0x0000000086a00000|  0%| F|  |TAMS 0x0000000086900000, 0x0000000086900000| Untracked 
|  94|0x0000000086a00000, 0x0000000086a00000, 0x0000000086b00000|  0%| F|  |TAMS 0x0000000086a00000, 0x0000000086a00000| Untracked 
|  95|0x0000000086b00000, 0x0000000086b00000, 0x0000000086c00000|  0%| F|  |TAMS 0x0000000086b00000, 0x0000000086b00000| Untracked 
|  96|0x0000000086c00000, 0x0000000086c00000, 0x0000000086d00000|  0%| F|  |TAMS 0x0000000086c00000, 0x0000000086c00000| Untracked 
|  97|0x0000000086d00000, 0x0000000086d00000, 0x0000000086e00000|  0%| F|  |TAMS 0x0000000086d00000, 0x0000000086d00000| Untracked 
|  98|0x0000000086e00000, 0x0000000086e00000, 0x0000000086f00000|  0%| F|  |TAMS 0x0000000086e00000, 0x0000000086e00000| Untracked 
|  99|0x0000000086f00000, 0x0000000086f00000, 0x0000000087000000|  0%| F|  |TAMS 0x0000000086f00000, 0x0000000086f00000| Untracked 
| 100|0x0000000087000000, 0x0000000087000000, 0x0000000087100000|  0%| F|  |TAMS 0x0000000087000000, 0x0000000087000000| Untracked 
| 101|0x0000000087100000, 0x0000000087100000, 0x0000000087200000|  0%| F|  |TAMS 0x0000000087100000, 0x0000000087100000| Untracked 
| 102|0x0000000087200000, 0x0000000087200000, 0x0000000087300000|  0%| F|  |TAMS 0x0000000087200000, 0x0000000087200000| Untracked 
| 103|0x0000000087300000, 0x0000000087300000, 0x0000000087400000|  0%| F|  |TAMS 0x0000000087300000, 0x0000000087300000| Untracked 
| 104|0x0000000087400000, 0x0000000087400000, 0x0000000087500000|  0%| F|  |TAMS 0x0000000087400000, 0x0000000087400000| Untracked 
| 105|0x0000000087500000, 0x0000000087500000, 0x0000000087600000|  0%| F|  |TAMS 0x0000000087500000, 0x0000000087500000| Untracked 
| 106|0x0000000087600000, 0x0000000087600000, 0x0000000087700000|  0%| F|  |TAMS 0x0000000087600000, 0x0000000087600000| Untracked 
| 107|0x0000000087700000, 0x0000000087700000, 0x0000000087800000|  0%| F|  |TAMS 0x0000000087700000, 0x0000000087700000| Untracked 
| 108|0x0000000087800000, 0x0000000087800000, 0x0000000087900000|  0%| F|  |TAMS 0x0000000087800000, 0x0000000087800000| Untracked 
| 109|0x0000000087900000, 0x0000000087900000, 0x0000000087a00000|  0%| F|  |TAMS 0x0000000087900000, 0x0000000087900000| Untracked 
| 110|0x0000000087a00000, 0x0000000087a00000, 0x0000000087b00000|  0%| F|  |TAMS 0x0000000087a00000, 0x0000000087a00000| Untracked 
| 111|0x0000000087b00000, 0x0000000087b00000, 0x0000000087c00000|  0%| F|  |TAMS 0x0000000087b00000, 0x0000000087b00000| Untracked 
| 112|0x0000000087c00000, 0x0000000087c00000, 0x0000000087d00000|  0%| F|  |TAMS 0x0000000087c00000, 0x0000000087c00000| Untracked 
| 113|0x0000000087d00000, 0x0000000087d00000, 0x0000000087e00000|  0%| F|  |TAMS 0x0000000087d00000, 0x0000000087d00000| Untracked 
| 114|0x0000000087e00000, 0x0000000087e00000, 0x0000000087f00000|  0%| F|  |TAMS 0x0000000087e00000, 0x0000000087e00000| Untracked 
| 115|0x0000000087f00000, 0x0000000087f00000, 0x0000000088000000|  0%| F|  |TAMS 0x0000000087f00000, 0x0000000087f00000| Untracked 
| 116|0x0000000088000000, 0x0000000088000000, 0x0000000088100000|  0%| F|  |TAMS 0x0000000088000000, 0x0000000088000000| Untracked 
| 117|0x0000000088100000, 0x0000000088100000, 0x0000000088200000|  0%| F|  |TAMS 0x0000000088100000, 0x0000000088100000| Untracked 
| 118|0x0000000088200000, 0x0000000088200000, 0x0000000088300000|  0%| F|  |TAMS 0x0000000088200000, 0x0000000088200000| Untracked 
| 119|0x0000000088300000, 0x0000000088300000, 0x0000000088400000|  0%| F|  |TAMS 0x0000000088300000, 0x0000000088300000| Untracked 
| 120|0x0000000088400000, 0x0000000088400000, 0x0000000088500000|  0%| F|  |TAMS 0x0000000088400000, 0x0000000088400000| Untracked 
| 121|0x0000000088500000, 0x0000000088500000, 0x0000000088600000|  0%| F|  |TAMS 0x0000000088500000, 0x0000000088500000| Untracked 
| 122|0x0000000088600000, 0x0000000088600000, 0x0000000088700000|  0%| F|  |TAMS 0x0000000088600000, 0x0000000088600000| Untracked 
| 123|0x0000000088700000, 0x0000000088700000, 0x0000000088800000|  0%| F|  |TAMS 0x0000000088700000, 0x0000000088700000| Untracked 
| 124|0x0000000088800000, 0x0000000088800000, 0x0000000088900000|  0%| F|  |TAMS 0x0000000088800000, 0x0000000088800000| Untracked 
| 125|0x0000000088900000, 0x0000000088900000, 0x0000000088a00000|  0%| F|  |TAMS 0x0000000088900000, 0x0000000088900000| Untracked 
| 126|0x0000000088a00000, 0x0000000088a00000, 0x0000000088b00000|  0%| F|  |TAMS 0x0000000088a00000, 0x0000000088a00000| Untracked 
| 127|0x0000000088b00000, 0x0000000088b00000, 0x0000000088c00000|  0%| F|  |TAMS 0x0000000088b00000, 0x0000000088b00000| Untracked 
| 128|0x0000000088c00000, 0x0000000088d00000, 0x0000000088d00000|100%| S|CS|TAMS 0x0000000088c00000, 0x0000000088c00000| Complete 
| 129|0x0000000088d00000, 0x0000000088e00000, 0x0000000088e00000|100%| S|CS|TAMS 0x0000000088d00000, 0x0000000088d00000| Complete 
| 130|0x0000000088e00000, 0x0000000088f00000, 0x0000000088f00000|100%| S|CS|TAMS 0x0000000088e00000, 0x0000000088e00000| Complete 
| 131|0x0000000088f00000, 0x0000000089000000, 0x0000000089000000|100%| O|  |TAMS 0x0000000088f00000, 0x0000000088f00000| Untracked 
| 132|0x0000000089000000, 0x0000000089100000, 0x0000000089100000|100%| O|  |TAMS 0x0000000089000000, 0x0000000089000000| Untracked 
| 133|0x0000000089100000, 0x0000000089200000, 0x0000000089200000|100%| O|  |TAMS 0x0000000089100000, 0x0000000089100000| Untracked 
| 134|0x0000000089200000, 0x0000000089300000, 0x0000000089300000|100%| O|  |TAMS 0x0000000089200000, 0x0000000089200000| Untracked 
| 135|0x0000000089300000, 0x0000000089400000, 0x0000000089400000|100%| O|  |TAMS 0x0000000089300000, 0x0000000089300000| Untracked 
| 136|0x0000000089400000, 0x0000000089500000, 0x0000000089500000|100%| O|  |TAMS 0x0000000089400000, 0x0000000089400000| Untracked 
| 137|0x0000000089500000, 0x0000000089600000, 0x0000000089600000|100%| O|  |TAMS 0x0000000089500000, 0x0000000089500000| Untracked 
| 138|0x0000000089600000, 0x0000000089700000, 0x0000000089700000|100%| O|  |TAMS 0x0000000089600000, 0x0000000089600000| Untracked 
| 139|0x0000000089700000, 0x0000000089800000, 0x0000000089800000|100%| O|  |TAMS 0x0000000089700000, 0x0000000089700000| Untracked 
| 140|0x0000000089800000, 0x0000000089900000, 0x0000000089900000|100%| O|  |TAMS 0x0000000089800000, 0x0000000089800000| Untracked 
| 141|0x0000000089900000, 0x0000000089a00000, 0x0000000089a00000|100%| O|  |TAMS 0x0000000089900000, 0x0000000089900000| Untracked 
| 142|0x0000000089a00000, 0x0000000089a40c00, 0x0000000089b00000| 25%| O|  |TAMS 0x0000000089a00000, 0x0000000089a00000| Untracked 

Card table byte_map: [0x00000253406d0000,0x0000025340ad0000] _byte_map_base: 0x00000253402ca000

Marking Bits (Prev, Next): (CMBitMap*) 0x0000025326d8e358, (CMBitMap*) 0x0000025326d8e390
 Prev Bits: [0x0000025340ed0000, 0x0000025342ea0000)
 Next Bits: [0x0000025342ea0000, 0x0000025344e70000)

Polling page: 0x0000025326e30000

Metaspace:

Usage:
  Non-class:      9.15 MB capacity,     9.02 MB ( 99%) used,   123.04 KB (  1%) free+waste,    13.00 KB ( <1%) overhead. 
      Class:   1015.00 KB capacity,   944.53 KB ( 93%) used,    64.41 KB (  6%) free+waste,     6.06 KB ( <1%) overhead. 
       Both:     10.14 MB capacity,     9.94 MB ( 98%) used,   187.45 KB (  2%) free+waste,    19.06 KB ( <1%) overhead. 

Virtual space:
  Non-class space:       10.00 MB reserved,       9.25 MB ( 93%) committed 
      Class space:        1.00 GB reserved,       1.00 MB ( <1%) committed 
             Both:        1.01 GB reserved,      10.25 MB ( <1%) committed 

Chunk freelists:
   Non-Class:  38.00 KB
       Class:  9.00 KB
        Both:  47.00 KB

MaxMetaspaceSize: 17179869184.00 GB
CompressedClassSpaceSize: 1.00 GB
Initial GC threshold: 20.80 MB
Current GC threshold: 20.80 MB
CDS: off

CodeHeap 'non-profiled nmethods': size=120064Kb used=532Kb max_used=532Kb free=119531Kb
 bounds [0x0000025338770000, 0x00000253389e0000, 0x000002533fcb0000]
CodeHeap 'profiled nmethods': size=120000Kb used=1313Kb max_used=1313Kb free=118686Kb
 bounds [0x0000025331240000, 0x00000253314b0000, 0x0000025338770000]
CodeHeap 'non-nmethods': size=5696Kb used=1125Kb max_used=1151Kb free=4570Kb
 bounds [0x0000025330cb0000, 0x0000025330f20000, 0x0000025331240000]
 total_blobs=1273 nmethods=895 adapters=291
 compilation: enabled
              stopped_count=0, restarted_count=0
 full_count=0

Compilation events (20 events):
Event: 1.024 Thread 0x00000253474e0000 nmethod 889 0x0000025331385d90 code [0x0000025331385f40, 0x0000025331386088]
Event: 1.024 Thread 0x00000253474e0000  890       3       java.nio.MappedByteBuffer::position (8 bytes)
Event: 1.024 Thread 0x00000253474e0000 nmethod 890 0x0000025331386110 code [0x00000253313862e0, 0x0000025331386488]
Event: 1.024 Thread 0x00000253474e0000  891       3       java.nio.MappedByteBuffer::limit (8 bytes)
Event: 1.024 Thread 0x00000253474e0000 nmethod 891 0x0000025331386590 code [0x0000025331386760, 0x0000025331386908]
Event: 1.024 Thread 0x00000253474e0000  888       3       java.nio.Buffer::checkIndex (22 bytes)
Event: 1.024 Thread 0x00000253474e0000 nmethod 888 0x0000025331386a10 code [0x0000025331386be0, 0x0000025331386e28]
Event: 1.024 Thread 0x00000253474e0000  893       3       java.nio.ByteOrder::nativeOrder (4 bytes)
Event: 1.024 Thread 0x00000253474e0000 nmethod 893 0x0000025331386f10 code [0x00000253313870c0, 0x00000253313871b8]
Event: 1.024 Thread 0x00000253474e0000  894       3       java.nio.Buffer::<init> (99 bytes)
Event: 1.024 Thread 0x0000025347faa000 nmethod 876 0x00000253387f1910 code [0x00000253387f1b00, 0x00000253387f2488]
Event: 1.025 Thread 0x0000025347faa000  892       4       java.nio.Buffer::hasRemaining (17 bytes)
Event: 1.025 Thread 0x00000253474e0000 nmethod 894 0x0000025331387210 code [0x0000025331387500, 0x0000025331388238]
Event: 1.025 Thread 0x0000025347faa000 nmethod 892 0x00000253387f2a90 code [0x00000253387f2c20, 0x00000253387f2c98]
Event: 1.030 Thread 0x00000253474da800 nmethod 877% 0x00000253387f2d90 code [0x00000253387f2f40, 0x00000253387f3458]
Event: 1.058 Thread 0x0000025347faa000  895       4       java.util.HashMap::putVal (300 bytes)
Event: 1.058 Thread 0x00000253474da800  896       4       java.util.jar.Manifest::read (340 bytes)
Event: 1.069 Thread 0x0000025347faa000 nmethod 895 0x00000253387f3610 code [0x00000253387f3840, 0x00000253387f4450]
Event: 1.069 Thread 0x0000025347faa000  897       4       java.util.jar.Manifest::getAttributes (14 bytes)
Event: 1.075 Thread 0x0000025347faa000 nmethod 897 0x00000253387f4a10 code [0x00000253387f4be0, 0x00000253387f4f98]

GC Heap History (9 events):
Event: 0.273 GC heap before
{Heap before GC invocations=0 (full 0):
 garbage-first heap   total 131072K, used 22528K [0x0000000080c00000, 0x0000000100000000)
  region size 1024K, 14 young (14336K), 0 survivors (0K)
 Metaspace       used 4722K, capacity 4792K, committed 5120K, reserved 1056768K
  class space    used 396K, capacity 424K, committed 512K, reserved 1048576K
}
Event: 0.283 GC heap after
{Heap after GC invocations=1 (full 0):
 garbage-first heap   total 131072K, used 11613K [0x0000000080c00000, 0x0000000100000000)
  region size 1024K, 2 young (2048K), 2 survivors (2048K)
 Metaspace       used 4722K, capacity 4792K, committed 5120K, reserved 1056768K
  class space    used 396K, capacity 424K, committed 512K, reserved 1048576K
}
Event: 0.335 GC heap before
{Heap before GC invocations=1 (full 0):
 garbage-first heap   total 131072K, used 24925K [0x0000000080c00000, 0x0000000100000000)
  region size 1024K, 13 young (13312K), 2 survivors (2048K)
 Metaspace       used 4757K, capacity 4792K, committed 5120K, reserved 1056768K
  class space    used 397K, capacity 424K, committed 512K, reserved 1048576K
}
Event: 0.343 GC heap after
{Heap after GC invocations=2 (full 0):
 garbage-first heap   total 131072K, used 17857K [0x0000000080c00000, 0x0000000100000000)
  region size 1024K, 2 young (2048K), 2 survivors (2048K)
 Metaspace       used 4757K, capacity 4792K, committed 5120K, reserved 1056768K
  class space    used 397K, capacity 424K, committed 512K, reserved 1048576K
}
Event: 0.390 GC heap before
{Heap before GC invocations=2 (full 0):
 garbage-first heap   total 131072K, used 33217K [0x0000000080c00000, 0x0000000100000000)
  region size 1024K, 9 young (9216K), 2 survivors (2048K)
 Metaspace       used 5573K, capacity 5598K, committed 5888K, reserved 1056768K
  class space    used 444K, capacity 458K, committed 512K, reserved 1048576K
}
Event: 0.394 GC heap after
{Heap after GC invocations=3 (full 0):
 garbage-first heap   total 131072K, used 26270K [0x0000000080c00000, 0x0000000100000000)
  region size 1024K, 2 young (2048K), 2 survivors (2048K)
 Metaspace       used 5573K, capacity 5598K, committed 5888K, reserved 1056768K
  class space    used 444K, capacity 458K, committed 512K, reserved 1048576K
}
Event: 0.812 GC heap before
{Heap before GC invocations=3 (full 0):
 garbage-first heap   total 131072K, used 49822K [0x0000000080c00000, 0x0000000100000000)
  region size 1024K, 25 young (25600K), 2 survivors (2048K)
 Metaspace       used 9974K, capacity 10148K, committed 10240K, reserved 1058816K
  class space    used 925K, capacity 978K, committed 1024K, reserved 1048576K
}
Event: 0.818 GC heap after
{Heap after GC invocations=4 (full 0):
 garbage-first heap   total 131072K, used 28318K [0x0000000080c00000, 0x0000000100000000)
  region size 1024K, 4 young (4096K), 4 survivors (4096K)
 Metaspace       used 9974K, capacity 10148K, committed 10240K, reserved 1058816K
  class space    used 925K, capacity 978K, committed 1024K, reserved 1048576K
}
Event: 1.077 GC heap before
{Heap before GC invocations=4 (full 0):
 garbage-first heap   total 131072K, used 123550K [0x0000000080c00000, 0x0000000100000000)
  region size 1024K, 73 young (74752K), 4 survivors (4096K)
 Metaspace       used 10178K, capacity 10385K, committed 10496K, reserved 1058816K
  class space    used 944K, capacity 1015K, committed 1024K, reserved 1048576K
}

Deoptimization events (20 events):
Event: 0.984 Thread 0x0000025326d4e800 Uncommon trap: trap_request=0xffffffde fr.pc=0x00000253387a823c relative=0x0000000000000f9c
Event: 0.984 Thread 0x0000025326d4e800 Uncommon trap: reason=class_check action=maybe_recompile pc=0x00000253387a823c method=java.util.HashMap.putVal(ILjava/lang/Object;Ljava/lang/Object;ZZ)Ljava/lang/Object; @ 91 c2
Event: 0.984 Thread 0x0000025326d4e800 DEOPT PACKING pc=0x00000253387a823c sp=0x000000aa6f1fbcb0
Event: 0.984 Thread 0x0000025326d4e800 DEOPT UNPACKING pc=0x0000025330cfa1af sp=0x000000aa6f1fbc90 mode 2
Event: 0.990 Thread 0x0000025326d4e800 Uncommon trap: trap_request=0xffffffde fr.pc=0x00000253387de4a0 relative=0x0000000000000380
Event: 0.990 Thread 0x0000025326d4e800 Uncommon trap: reason=class_check action=maybe_recompile pc=0x00000253387de4a0 method=java.util.HashMap.putMapEntries(Ljava/util/Map;Z)V @ 1 c2
Event: 0.990 Thread 0x0000025326d4e800 DEOPT PACKING pc=0x00000253387de4a0 sp=0x000000aa6f1fbf60
Event: 0.990 Thread 0x0000025326d4e800 DEOPT UNPACKING pc=0x0000025330cfa1af sp=0x000000aa6f1fbf28 mode 2
Event: 0.990 Thread 0x0000025326d4e800 DEOPT PACKING pc=0x00000253313300df sp=0x000000aa6f1fbde0
Event: 0.990 Thread 0x0000025326d4e800 DEOPT UNPACKING pc=0x0000025330cfa95e sp=0x000000aa6f1fb220 mode 0
Event: 0.992 Thread 0x0000025326d4e800 Uncommon trap: trap_request=0xffffff4d fr.pc=0x00000253387be340 relative=0x0000000000000640
Event: 0.992 Thread 0x0000025326d4e800 Uncommon trap: reason=unstable_if action=reinterpret pc=0x00000253387be340 method=sun.security.util.SignatureFileVerifier.updateSigners([Ljava/security/CodeSigner;Ljava/util/Hashtable;Ljava/lang/String;)V @ 24 c2
Event: 0.992 Thread 0x0000025326d4e800 DEOPT PACKING pc=0x00000253387be340 sp=0x000000aa6f1fc050
Event: 0.992 Thread 0x0000025326d4e800 DEOPT UNPACKING pc=0x0000025330cfa1af sp=0x000000aa6f1fc030 mode 2
Event: 1.009 Thread 0x0000025326d4e800 Uncommon trap: trap_request=0xffffff4d fr.pc=0x00000253387ddd68 relative=0x00000000000001a8
Event: 1.009 Thread 0x0000025326d4e800 Uncommon trap: reason=unstable_if action=reinterpret pc=0x00000253387ddd68 method=java.util.LinkedHashMap.entrySet()Ljava/util/Set; @ 6 c2
Event: 1.009 Thread 0x0000025326d4e800 DEOPT PACKING pc=0x00000253387ddd68 sp=0x000000aa6f1fc210
Event: 1.009 Thread 0x0000025326d4e800 DEOPT UNPACKING pc=0x0000025330cfa1af sp=0x000000aa6f1fc168 mode 2
Event: 1.058 Thread 0x0000025326d4e800 DEOPT PACKING pc=0x000002533136df29 sp=0x000000aa6f1fbfd0
Event: 1.059 Thread 0x0000025326d4e800 DEOPT UNPACKING pc=0x0000025330cfa95e sp=0x000000aa6f1fb540 mode 0

Classes redefined (0 events):
No events

Internal exceptions (8 events):
Event: 0.476 Thread 0x0000025326d4e800 Implicit null exception at 0x00000253387842ef to 0x00000253387843c4
Event: 0.790 Thread 0x0000025326d4e800 Exception <a 'java/lang/NoSuchMethodError'{0x000000008732a2c0}: 'int java.lang.invoke.DirectMethodHandle$Holder.invokeSpecialIFC(java.lang.Object, java.lang.Object, int)'> (0x000000008732a2c0) thrown at [./src/hotspot/share/interpreter/linkResolver.cpp, line 773]
Event: 0.804 Thread 0x0000025326d4e800 Exception <a 'java/lang/NoSuchMethodError'{0x00000000873978d8}: 'java.lang.Object java.lang.invoke.DirectMethodHandle$Holder.invokeStatic(java.lang.Object, java.lang.Object, java.lang.Object, java.lang.Object, java.lang.Object, java.lang.Object, java.lang.Object, java.lang.Object, java.lang.Object, java.lang.Object, java.lang.Object, java.lang.Object, java.lang.Object, java.lang.Object, java.lang.Object)'> (0x00000000873978d8) thrown at [./src/hotspot/share/interpreter/linkResolver.cpp, line 773]
Event: 0.805 Thread 0x0000025326d4e800 Exception <a 'java/lang/NoSuchMethodError'{0x00000000873a5638}: 'java.lang.Object java.lang.invoke.DirectMethodHandle$Holder.invokeStatic(java.lang.Object, java.lang.Object, java.lang.Object, java.lang.Object, java.lang.Object, java.lang.Object, java.lang.Object, java.lang.Object, java.lang.Object, java.lang.Object, java.lang.Object, java.lang.Object, java.lang.Object, java.lang.Object, java.lang.Object, java.lang.Object)'> (0x00000000873a5638) thrown at [./src/hotspot/share/interpreter/linkResolver.cpp, l
Event: 0.806 Thread 0x0000025326d4e800 Exception <a 'java/lang/NoSuchMethodError'{0x00000000873b32a8}: 'java.lang.Object java.lang.invoke.DirectMethodHandle$Holder.invokeSpecial(java.lang.Object, java.lang.Object, int, int, java.lang.Object, java.lang.Object, java.lang.Object)'> (0x00000000873b32a8) thrown at [./src/hotspot/share/interpreter/linkResolver.cpp, line 773]
Event: 0.807 Thread 0x0000025326d4e800 Exception <a 'java/lang/NoSuchMethodError'{0x00000000873b6838}: 'java.lang.Object java.lang.invoke.DelegatingMethodHandle$Holder.reinvoke_L(java.lang.Object, int, int, java.lang.Object, java.lang.Object, java.lang.Object)'> (0x00000000873b6838) thrown at [./src/hotspot/share/interpreter/linkResolver.cpp, line 773]
Event: 0.807 Thread 0x0000025326d4e800 Exception <a 'java/lang/NoSuchMethodError'{0x00000000873babc0}: 'java.lang.Object java.lang.invoke.DirectMethodHandle$Holder.invokeStatic(java.lang.Object, java.lang.Object, java.lang.Object, java.lang.Object, int)'> (0x00000000873babc0) thrown at [./src/hotspot/share/interpreter/linkResolver.cpp, line 773]
Event: 0.924 Thread 0x0000025326d4e800 Implicit null exception at 0x0000025338799ffb to 0x000002533879aa40

Events (20 events):
Event: 0.956 Executing VM operation: RevokeBias done
Event: 0.982 Executing VM operation: RevokeBias
Event: 0.982 Executing VM operation: RevokeBias done
Event: 1.010 loading class org/apache/xerces/jaxp/DocumentBuilderFactoryImpl
Event: 1.010 loading class org/apache/xerces/jaxp/DocumentBuilderFactoryImpl done
Event: 1.018 loading class javax/xml/parsers/ParserConfigurationException
Event: 1.019 loading class javax/xml/parsers/ParserConfigurationException done
Event: 1.019 loading class javax/xml/parsers/DocumentBuilder
Event: 1.019 loading class javax/xml/parsers/DocumentBuilder done
Event: 1.019 loading class org/apache/xerces/jaxp/DocumentBuilderImpl
Event: 1.019 loading class org/apache/xerces/jaxp/DocumentBuilderImpl done
Event: 1.022 loading class org/apache/xerces/jaxp/JAXPConstants
Event: 1.022 loading class org/apache/xerces/jaxp/JAXPConstants done
Event: 1.022 loading class org/xml/sax/SAXNotRecognizedException
Event: 1.022 loading class org/xml/sax/SAXNotRecognizedException done
Event: 1.022 loading class org/xml/sax/SAXNotSupportedException
Event: 1.022 loading class org/xml/sax/SAXNotSupportedException done
Event: 1.023 loading class javax/xml/parsers/SAXParserFactory
Event: 1.023 loading class javax/xml/parsers/SAXParserFactory done
Event: 1.077 Executing VM operation: G1CollectForAllocation


Dynamic libraries:
0x00007ff640550000 - 0x00007ff64055d000 	C:\Program Files\Microsoft\jdk-11.0.16.101-hotspot\bin\java.exe
0x00007ffe1fb30000 - 0x00007ffe1fd28000 	C:\WINDOWS\SYSTEM32\ntdll.dll
0x00007ffe1f680000 - 0x00007ffe1f73d000 	C:\WINDOWS\System32\KERNEL32.DLL
0x00007ffe1d2f0000 - 0x00007ffe1d5e6000 	C:\WINDOWS\System32\KERNELBASE.dll
0x00007ffe1d980000 - 0x00007ffe1da80000 	C:\WINDOWS\System32\ucrtbase.dll
0x00007ffe04b70000 - 0x00007ffe04b87000 	C:\Program Files\Microsoft\jdk-11.0.16.101-hotspot\bin\jli.dll
0x00007ffdea190000 - 0x00007ffdea1a5000 	C:\Program Files\Microsoft\jdk-11.0.16.101-hotspot\bin\VCRUNTIME140.dll
0x00007ffe1ee90000 - 0x00007ffe1f02e000 	C:\WINDOWS\System32\USER32.dll
0x00007ffe1d950000 - 0x00007ffe1d972000 	C:\WINDOWS\System32\win32u.dll
0x00007ffe06db0000 - 0x00007ffe0704a000 	C:\WINDOWS\WinSxS\amd64_microsoft.windows.common-controls_6595b64144ccf1df_6.0.19041.3636_none_60b6a03d71f818d5\COMCTL32.dll
0x00007ffe1e0b0000 - 0x00007ffe1e0dc000 	C:\WINDOWS\System32\GDI32.dll
0x00007ffe1f960000 - 0x00007ffe1f9fe000 	C:\WINDOWS\System32\msvcrt.dll
0x00007ffe1d830000 - 0x00007ffe1d94a000 	C:\WINDOWS\System32\gdi32full.dll
0x00007ffe1da80000 - 0x00007ffe1db1d000 	C:\WINDOWS\System32\msvcp_win.dll
0x00007ffe1ed30000 - 0x00007ffe1ed60000 	C:\WINDOWS\System32\IMM32.DLL
0x00007ffd51000000 - 0x00007ffd5109b000 	C:\Program Files\Microsoft\jdk-11.0.16.101-hotspot\bin\msvcp140.dll
0x00007ffd50470000 - 0x00007ffd50ffa000 	C:\Program Files\Microsoft\jdk-11.0.16.101-hotspot\bin\server\jvm.dll
0x00007ffe1e000000 - 0x00007ffe1e0af000 	C:\WINDOWS\System32\ADVAPI32.dll
0x00007ffe1e390000 - 0x00007ffe1e42c000 	C:\WINDOWS\System32\sechost.dll
0x00007ffe1ed60000 - 0x00007ffe1ee86000 	C:\WINDOWS\System32\RPCRT4.dll
0x00007ffe1e380000 - 0x00007ffe1e388000 	C:\WINDOWS\System32\PSAPI.DLL
0x00007ffe045c0000 - 0x00007ffe045c9000 	C:\WINDOWS\SYSTEM32\WSOCK32.dll
0x00007ffe13400000 - 0x00007ffe13427000 	C:\WINDOWS\SYSTEM32\WINMM.dll
0x00007ffe1ebe0000 - 0x00007ffe1ec4b000 	C:\WINDOWS\System32\WS2_32.dll
0x00007ffe16bb0000 - 0x00007ffe16bba000 	C:\WINDOWS\SYSTEM32\VERSION.dll
0x00007ffe1b0b0000 - 0x00007ffe1b0c2000 	C:\WINDOWS\SYSTEM32\kernel.appcore.dll
0x00007ffe17c00000 - 0x00007ffe17c10000 	C:\Program Files\Microsoft\jdk-11.0.16.101-hotspot\bin\verify.dll
0x00007ffe0f6d0000 - 0x00007ffe0f8b4000 	C:\WINDOWS\SYSTEM32\DBGHELP.DLL
0x00007ffe02c30000 - 0x00007ffe02c64000 	C:\WINDOWS\SYSTEM32\dbgcore.DLL
0x00007ffe1d210000 - 0x00007ffe1d292000 	C:\WINDOWS\System32\bcryptPrimitives.dll
0x00007ffdea160000 - 0x00007ffdea188000 	C:\Program Files\Microsoft\jdk-11.0.16.101-hotspot\bin\java.dll
0x00007ffe03e40000 - 0x00007ffe03e4a000 	C:\Program Files\Microsoft\jdk-11.0.16.101-hotspot\bin\jimage.dll
0x00007ffdea140000 - 0x00007ffdea158000 	C:\Program Files\Microsoft\jdk-11.0.16.101-hotspot\bin\zip.dll
0x00007ffe1e430000 - 0x00007ffe1eb75000 	C:\WINDOWS\System32\SHELL32.dll
0x00007ffe1b2b0000 - 0x00007ffe1ba4b000 	C:\WINDOWS\SYSTEM32\windows.storage.dll
0x00007ffe1f320000 - 0x00007ffe1f674000 	C:\WINDOWS\System32\combase.dll
0x00007ffe1cb70000 - 0x00007ffe1cb9d000 	C:\WINDOWS\SYSTEM32\Wldp.dll
0x00007ffe1e2d0000 - 0x00007ffe1e37d000 	C:\WINDOWS\System32\SHCORE.dll
0x00007ffe1fa00000 - 0x00007ffe1fa55000 	C:\WINDOWS\System32\shlwapi.dll
0x00007ffe1d140000 - 0x00007ffe1d165000 	C:\WINDOWS\SYSTEM32\profapi.dll
0x00007ffd95690000 - 0x00007ffd956a9000 	C:\Program Files\Microsoft\jdk-11.0.16.101-hotspot\bin\net.dll
0x00007ffe16cf0000 - 0x00007ffe16dfa000 	C:\WINDOWS\SYSTEM32\WINHTTP.dll
0x00007ffe1c950000 - 0x00007ffe1c9ba000 	C:\WINDOWS\system32\mswsock.dll
0x00007ffd6bc10000 - 0x00007ffd6bc23000 	C:\Program Files\Microsoft\jdk-11.0.16.101-hotspot\bin\nio.dll

dbghelp: loaded successfully - version: 4.0.5 - missing functions: none
symbol engine: initialized successfully - sym options: 0x614 - pdb path: .;C:\Program Files\Microsoft\jdk-11.0.16.101-hotspot\bin;C:\WINDOWS\SYSTEM32;C:\WINDOWS\WinSxS\amd64_microsoft.windows.common-controls_6595b64144ccf1df_6.0.19041.3636_none_60b6a03d71f818d5;C:\Program Files\Microsoft\jdk-11.0.16.101-hotspot\bin\server

VM Arguments:
java_command: com.xamarin.manifestmerger.Main obj\Debug\130\android\manifestmerger.rsp
java_class_path (initial): D:\Visual Studio\MSBuild\Xamarin\Android\manifestmerger.jar
Launcher Type: SUN_STANDARD

[Global flags]
     intx CICompilerCount                          = 3                                         {product} {ergonomic}
     uint ConcGCThreads                            = 1                                         {product} {ergonomic}
     uint G1ConcRefinementThreads                  = 4                                         {product} {ergonomic}
   size_t G1HeapRegionSize                         = 1048576                                   {product} {ergonomic}
    uintx GCDrainStackTargetSize                   = 64                                        {product} {ergonomic}
   size_t InitialHeapSize                          = 134217728                                 {product} {ergonomic}
   size_t MarkStackSize                            = 4194304                                   {product} {ergonomic}
   size_t MaxHeapSize                              = 2134900736                                {product} {ergonomic}
   size_t MaxNewSize                               = 1280311296                                {product} {ergonomic}
   size_t MinHeapDeltaBytes                        = 1048576                                   {product} {ergonomic}
    uintx NonNMethodCodeHeapSize                   = 5830732                                {pd product} {ergonomic}
    uintx NonProfiledCodeHeapSize                  = 122913754                              {pd product} {ergonomic}
    uintx ProfiledCodeHeapSize                     = 122913754                              {pd product} {ergonomic}
    uintx ReservedCodeCacheSize                    = 251658240                              {pd product} {ergonomic}
     bool SegmentedCodeCache                       = true                                      {product} {ergonomic}
     bool UseCompressedClassPointers               = true                                 {lp64_product} {ergonomic}
     bool UseCompressedOops                        = true                                 {lp64_product} {ergonomic}
     bool UseG1GC                                  = true                                      {product} {ergonomic}
     bool UseLargePagesIndividualAllocation        = false                                  {pd product} {ergonomic}

Logging:
Log output configuration:
 #0: stdout all=warning uptime,level,tags
 #1: stderr all=off uptime,level,tags

Environment Variables:
PATH=C:\Program Files\Microsoft\jdk-11.0.16.101-hotspot\bin;C:\Program Files (x86)\Common Files\Intel\Shared Libraries\redist\intel64\compiler;C:\Python38\Scripts\;C:\Python38\;C:\Program Files (x86)\Common Files\Oracle\Java\javapath;C:\WINDOWS\system32;C:\WINDOWS;C:\WINDOWS\System32\Wbem;C:\WINDOWS\System32\WindowsPowerShell\v1.0\;C:\WINDOWS\System32\OpenSSH\;C:\Program Files (x86)\ATI Technologies\ATI.ACE\Core-Static;C:\Program Files (x86)\NVIDIA Corporation\PhysX\Common;C:\Program Files\nodejs\;C:\Program Files\NVIDIA Corporation\NVIDIA NvDLISR;C:\Program Files\dotnet\;C:\Program Files (x86)\Common Files\Acronis\SnapAPI\;C:\WINDOWS\system32;C:\WINDOWS;C:\WINDOWS\System32\Wbem;C:\WINDOWS\System32\WindowsPowerShell\v1.0\;C:\WINDOWS\System32\OpenSSH\;C:\MinGW\bin;C:\Program Files\Microsoft SQL Server\150\Tools\Binn\;C:\Program Files\Microsoft SQL Server\Client SDK\ODBC\170\Tools\Binn\;C:\Users\One\AppData\Local\Programs\Python\Python39\Scripts\;C:\Users\One\AppData\Local\Programs\Python\Python39\;C:\Users\One\AppData\Local\Microsoft\WindowsApps;E:\Illyushka\Программинг\PhpStorm 2019.3.2\bin;;C:\Users\One\AppData\Roaming\npm;D:\Проги\Hyper\resources\bin;D:\CLion 2023.1.2\bin;;C:\Users\One\AppData\Local\GitHubDesktop\bin;C:\Users\One\AppData\Local\Programs\Microsoft VS Code\bin;С:\MinGW\bin;C:\Users\One\.dotnet\tools;D:\VISUAL STUDIO\COMMON7\IDE\EXTENSIONS\XAMARIN.VISUALSTUDIO
USERNAME=One
OS=Windows_NT
PROCESSOR_IDENTIFIER=AMD64 Family 23 Model 8 Stepping 2, AuthenticAMD
TMP=C:\Users\One\AppData\Local\Temp
TEMP=C:\Users\One\AppData\Local\Temp



---------------  S Y S T E M  ---------------

OS: Windows 10 , 64 bit Build 19041 (10.0.19041.3636)
OS uptime: 0 days 1:10 hours
Hyper-V role detected

CPU:total 4 (initial active 4) (4 cores per cpu, 1 threads per core) family 23 model 8 stepping 2 microcode 0x0, cmov, cx8, fxsr, mmx, sse, sse2, sse3, ssse3, sse4.1, sse4.2, popcnt, avx, avx2, aes, clmul, mmxext, 3dnowpref, lzcnt, sse4a, tsc, tscinvbit, tscinv, bmi1, bmi2, adx, sha, fma

Memory: 4k page, system-wide physical 8143M (1335M free)
TotalPageFile size 11143M (AvailPageFile size 67M)
current process WorkingSet (physical memory assigned to process): 192M, peak: 192M
current process commit charge ("private bytes"): 231M, peak: 307M

vm_info: OpenJDK 64-Bit Server VM (11.0.16.1+1-LTS) for windows-amd64 JRE (11.0.16.1+1-LTS), built on Aug 20 2022 20:09:04 by "" with MS VC++ 15.9 (VS2017)

END.
